<?xml version="1.0" encoding="UTF-8"?>
<!-- Generated by org.testng.reporters.JUnitReportReporter -->
<testsuite skipped="0" hostname="IN-QA10" name="AssertionConcepts.HardAssertion" tests="1" failures="0" timestamp="16 Feb 2019 10:28:38 GMT" time="6.129" errors="0">
  <testcase name="Verifytitle" time="6.129" classname="AssertionConcepts.HardAssertion"/>
</testsuite> <!-- AssertionConcepts.HardAssertion -->
