<?xml version="1.0" encoding="UTF-8"?>
<!-- Generated by org.testng.reporters.JUnitReportReporter -->
<testsuite skipped="0" hostname="IN-QA10" name="TestNGLearning.Parallel1" tests="2" failures="0" timestamp="13 Jan 2019 10:50:51 GMT" time="0.002" errors="0">
  <testcase name="Registration" time="0.001" classname="TestNGLearning.Parallel1"/>
  <testcase name="Login" time="0.001" classname="TestNGLearning.Parallel1"/>
</testsuite> <!-- TestNGLearning.Parallel1 -->
