<?xml version="1.0" encoding="UTF-8"?>
<!-- Generated by org.testng.reporters.JUnitReportReporter -->
<testsuite skipped="0" hostname="IN-QA10" name="TestNGLearning.GroupExecution" tests="1" failures="0" timestamp="13 Jan 2019 10:08:51 GMT" time="0.013" errors="0">
  <testcase name="Test1" time="0.013" classname="TestNGLearning.GroupExecution"/>
</testsuite> <!-- TestNGLearning.GroupExecution -->
