<?xml version="1.0" encoding="UTF-8"?>
<!-- Generated by org.testng.reporters.JUnitReportReporter -->
<testsuite skipped="0" hostname="IN-QA10" name="ExecutionOfFailTestCases.Gmail" tests="1" failures="0" timestamp="10 Aug 2018 04:32:04 GMT" time="0.001" errors="0">
  <testcase name="TestGmail" time="0.001" classname="ExecutionOfFailTestCases.Gmail"/>
</testsuite> <!-- ExecutionOfFailTestCases.Gmail -->
