<?xml version="1.0" encoding="UTF-8"?>
<!-- Generated by org.testng.reporters.JUnitReportReporter -->
<testsuite skipped="0" hostname="IN-QA10" name="ExecutionOfFailTestCases.Facebok" tests="1" failures="0" timestamp="10 Aug 2018 04:32:04 GMT" time="0.011" errors="0">
  <testcase name="TestFB" time="0.011" classname="ExecutionOfFailTestCases.Facebok"/>
</testsuite> <!-- ExecutionOfFailTestCases.Facebok -->
