<?xml version="1.0" encoding="UTF-8"?>
<!-- Generated by org.testng.reporters.JUnitReportReporter -->
<testsuite skipped="0" hostname="IN-QA10" name="AssertionConcepts.SoftAssertion" tests="1" failures="0" timestamp="16 Feb 2019 10:29:47 GMT" time="0.024" errors="0">
  <testcase name="Verify" time="0.024" classname="AssertionConcepts.SoftAssertion"/>
</testsuite> <!-- AssertionConcepts.SoftAssertion -->
