<?xml version="1.0" encoding="UTF-8"?>
<!-- Generated by org.testng.reporters.JUnitReportReporter -->
<testsuite skipped="0" hostname="IN-QA10" name="JenkinsDemo.JenkinsJob" tests="1" failures="0" timestamp="19 Aug 2018 09:20:13 GMT" time="0.009" errors="0">
  <testcase name="testjenkins" time="0.009" classname="JenkinsDemo.JenkinsJob"/>
</testsuite> <!-- JenkinsDemo.JenkinsJob -->
