<?xml version="1.0" encoding="UTF-8"?>
<!-- Generated by org.testng.reporters.JUnitReportReporter -->
<testsuite skipped="0" hostname="IN-QA10" name="GeneralTopics.NewExtentReporting" tests="1" failures="0" timestamp="14 Oct 2018 09:56:41 GMT" time="9.765" errors="0">
  <testcase name="VerifyTitle" time="9.765" classname="GeneralTopics.NewExtentReporting"/>
</testsuite> <!-- GeneralTopics.NewExtentReporting -->
