<?xml version="1.0" encoding="UTF-8"?>
<!-- Generated by org.testng.reporters.JUnitReportReporter -->
<testsuite skipped="0" hostname="IN-QA10" name="GeneralTopics.BrowserResize" tests="1" failures="0" timestamp="30 Nov 2018 16:17:39 GMT" time="11.360" errors="0">
  <testcase name="Custamization" time="11.360" classname="GeneralTopics.BrowserResize"/>
</testsuite> <!-- GeneralTopics.BrowserResize -->
