<?xml version="1.0" encoding="UTF-8"?>
<!-- Generated by org.testng.reporters.JUnitReportReporter -->
<testsuite skipped="0" hostname="IN-QA10" name="TestNGLearning.Second" tests="4" failures="0" timestamp="01 Jan 2019 10:47:02 GMT" time="0.011" errors="0">
  <testcase name="TestCaseSecond" time="0.002" classname="TestNGLearning.Second"/>
  <testcase name="TestCaseFirst" time="0.004" classname="TestNGLearning.Second"/>
  <testcase name="TestCaseSecond2" time="0.003" classname="TestNGLearning.Second"/>
  <testcase name="TestCaseFirst2" time="0.002" classname="TestNGLearning.Second"/>
</testsuite> <!-- TestNGLearning.Second -->
