<?xml version="1.0" encoding="UTF-8"?>
<!-- Generated by org.testng.reporters.JUnitReportReporter -->
<testsuite skipped="0" hostname="IN-QA10" name="TestNGLearning.GroupTestCaseExecution" tests="2" failures="0" timestamp="13 Jan 2019 10:50:51 GMT" time="0.002" errors="0">
  <testcase name="Test1" time="0.001" classname="TestNGLearning.GroupTestCaseExecution"/>
  <testcase name="Test2" time="0.001" classname="TestNGLearning.GroupTestCaseExecution"/>
</testsuite> <!-- TestNGLearning.GroupTestCaseExecution -->
