<?xml version="1.0" encoding="UTF-8"?>
<!-- Generated by org.testng.reporters.JUnitReportReporter -->
<testsuite skipped="0" hostname="IN-QA10" name="GeneralTopics.ExtentReportDemo" tests="1" failures="0" timestamp="11 Aug 2018 18:43:31 GMT" time="0.561" errors="0">
  <testcase name="LoginTest" time="0.561" classname="GeneralTopics.ExtentReportDemo"/>
</testsuite> <!-- GeneralTopics.ExtentReportDemo -->
