<?xml version="1.0" encoding="UTF-8"?>
<!-- Generated by org.testng.reporters.JUnitReportReporter -->
<testsuite skipped="0" hostname="IN-QA10" name="JSExecutor.JSExecutorOnFacebook" tests="1" failures="0" timestamp="09 Sep 2018 09:56:05 GMT" time="7.460" errors="0">
  <testcase name="JSEtest" time="7.460" classname="JSExecutor.JSExecutorOnFacebook"/>
</testsuite> <!-- JSExecutor.JSExecutorOnFacebook -->
