<?xml version="1.0" encoding="UTF-8"?>
<!-- Generated by org.testng.reporters.JUnitReportReporter -->
<testsuite skipped="0" hostname="IN-QA10" name="ParallelExecutionINTestNG.Test1" tests="2" failures="0" timestamp="14 Oct 2018 08:34:20 GMT" time="0.070" errors="0">
  <testcase name="test2" time="0.035" classname="ParallelExecutionINTestNG.Test1"/>
  <testcase name="test1" time="0.035" classname="ParallelExecutionINTestNG.Test1"/>
</testsuite> <!-- ParallelExecutionINTestNG.Test1 -->
